17/3/2021 00:18:01 ¡No se ha encontrado el cliente!
17/3/2021 00:18:06 Descargando zlib.dll
17/3/2021 00:18:07 Descargando DX8VB.DLL
17/3/2021 00:18:08 Descargando AdminLibSetup.exe
17/3/2021 00:18:12 Descargando Init\BindKeys.bin
17/3/2021 00:18:12 Descargando Init\Config.ini
17/3/2021 00:18:13 Descargando Recursos\Ambient.IAC
17/3/2021 00:18:25 Descargando Recursos\Fuentes.IAC
17/3/2021 00:18:25 Descargando Recursos\Graficos.IAC
17/3/2021 00:18:39 Descargando Recursos\Interface.IAC
17/3/2021 00:18:42 Descargando Recursos\Mapas.IAC
17/3/2021 00:18:44 Hash del archivo Recursos\Mapas.IAC no coincide  Hash del archivo: 43A875F06F49A6B724425C3330381457
17/3/2021 00:18:44 Descargando Recursos\Midi.IAC
17/3/2021 00:18:45 Descargando Recursos\Musica.IAC
17/3/2021 00:19:01 Descargando Recursos\Scripts.IAC
17/3/2021 00:19:02 Descargando Recursos\Sounds.IAC
17/3/2021 00:19:17 Descargando Recursos\Lenguajes\CharInfo_english.dat
17/3/2021 00:19:18 Descargando Recursos\Lenguajes\CharInfo_spanish.dat
17/3/2021 00:19:18 Descargando Recursos\Lenguajes\english.json
17/3/2021 00:19:19 Descargando Recursos\Lenguajes\spanish.json
17/3/2021 00:19:19 Descargando Recursos\Lenguajes\tips_english.json
17/3/2021 00:19:20 Descargando Recursos\Lenguajes\tips_spanish.json
17/3/2021 00:19:20 Descargando Recursos\Lenguajes\Tutorial_english.dat
17/3/2021 00:19:21 Descargando Recursos\Lenguajes\Tutorial_spanish.dat
17/3/2021 00:19:22 Descargando Recursos\MouseIcons\Baston1.ico
17/3/2021 00:19:22 Descargando Recursos\MouseIcons\General1.ani
17/3/2021 00:19:23 Descargando Recursos\MouseIcons\General2.ani
17/3/2021 00:19:23 Descargando Recursos\MouseIcons\Hand.ico
17/3/2021 00:19:24 Descargando Recursos\Skins\Imperium.IAC
17/3/2021 00:19:27 Descargando ImperiumClasico.exe.manifest
17/3/2021 00:19:27 Descargando ImperiumClasico.exe
17/3/2021 00:19:29 Hash del archivo ImperiumClasico.exe no coincide  Hash del archivo: 9B25DADDC0290C29012AA65B6185063E
17/3/2021 00:20:04 Descargando Recursos\Mapas.IAC
17/3/2021 00:20:14 Hash del archivo Recursos\Mapas.IAC no coincide  Hash del archivo: 43A875F06F49A6B724425C3330381457
17/3/2021 00:20:14 Descargando ImperiumClasico.exe
17/3/2021 00:20:27 Hash del archivo ImperiumClasico.exe no coincide  Hash del archivo: 9B25DADDC0290C29012AA65B6185063E
17/3/2021 00:20:37 Descargando Recursos\Mapas.IAC
17/3/2021 00:20:48 Hash del archivo Recursos\Mapas.IAC no coincide  Hash del archivo: 43A875F06F49A6B724425C3330381457
17/3/2021 00:20:48 Descargando ImperiumClasico.exe
17/3/2021 00:21:01 Hash del archivo ImperiumClasico.exe no coincide  Hash del archivo: 9B25DADDC0290C29012AA65B6185063E
